Determining if the pthread_create exist failed with the following output:
Change Dir: /home/wantong/srsLTE/build/CMakeFiles/CMakeTmp

Run Build Command:"/usr/bin/make" "cmTC_b690d/fast"
/usr/bin/make -f CMakeFiles/cmTC_b690d.dir/build.make CMakeFiles/cmTC_b690d.dir/build
make[1]: Entering directory '/home/wantong/srsLTE/build/CMakeFiles/CMakeTmp'
Building C object CMakeFiles/cmTC_b690d.dir/CheckSymbolExists.c.o
/usr/bin/cc     -o CMakeFiles/cmTC_b690d.dir/CheckSymbolExists.c.o   -c /home/wantong/srsLTE/build/CMakeFiles/CMakeTmp/CheckSymbolExists.c
Linking C executable cmTC_b690d
/usr/bin/cmake -E cmake_link_script CMakeFiles/cmTC_b690d.dir/link.txt --verbose=1
/usr/bin/cc       CMakeFiles/cmTC_b690d.dir/CheckSymbolExists.c.o  -o cmTC_b690d -rdynamic 
CMakeFiles/cmTC_b690d.dir/CheckSymbolExists.c.o: In function `main':
CheckSymbolExists.c:(.text+0x16): undefined reference to `pthread_create'
collect2: error: ld returned 1 exit status
CMakeFiles/cmTC_b690d.dir/build.make:97: recipe for target 'cmTC_b690d' failed
make[1]: *** [cmTC_b690d] Error 1
make[1]: Leaving directory '/home/wantong/srsLTE/build/CMakeFiles/CMakeTmp'
Makefile:126: recipe for target 'cmTC_b690d/fast' failed
make: *** [cmTC_b690d/fast] Error 2

File /home/wantong/srsLTE/build/CMakeFiles/CMakeTmp/CheckSymbolExists.c:
/* */
#include <pthread.h>

int main(int argc, char** argv)
{
  (void)argv;
#ifndef pthread_create
  return ((int*)(&pthread_create))[argc];
#else
  (void)argc;
  return 0;
#endif
}

Determining if the function pthread_create exists in the pthreads failed with the following output:
Change Dir: /home/wantong/srsLTE/build/CMakeFiles/CMakeTmp

Run Build Command:"/usr/bin/make" "cmTC_f92b1/fast"
/usr/bin/make -f CMakeFiles/cmTC_f92b1.dir/build.make CMakeFiles/cmTC_f92b1.dir/build
make[1]: Entering directory '/home/wantong/srsLTE/build/CMakeFiles/CMakeTmp'
Building C object CMakeFiles/cmTC_f92b1.dir/CheckFunctionExists.c.o
/usr/bin/cc    -DCHECK_FUNCTION_EXISTS=pthread_create   -o CMakeFiles/cmTC_f92b1.dir/CheckFunctionExists.c.o   -c /usr/share/cmake-3.5/Modules/CheckFunctionExists.c
Linking C executable cmTC_f92b1
/usr/bin/cmake -E cmake_link_script CMakeFiles/cmTC_f92b1.dir/link.txt --verbose=1
/usr/bin/cc   -DCHECK_FUNCTION_EXISTS=pthread_create    CMakeFiles/cmTC_f92b1.dir/CheckFunctionExists.c.o  -o cmTC_f92b1 -rdynamic -lpthreads 
/usr/bin/ld: cannot find -lpthreads
collect2: error: ld returned 1 exit status
CMakeFiles/cmTC_f92b1.dir/build.make:97: recipe for target 'cmTC_f92b1' failed
make[1]: *** [cmTC_f92b1] Error 1
make[1]: Leaving directory '/home/wantong/srsLTE/build/CMakeFiles/CMakeTmp'
Makefile:126: recipe for target 'cmTC_f92b1/fast' failed
make: *** [cmTC_f92b1/fast] Error 2


Performing C SOURCE FILE Test HAVE_AVX512 failed with the following output:
Change Dir: /home/wantong/srsLTE/build/CMakeFiles/CMakeTmp

Run Build Command:"/usr/bin/make" "cmTC_98be9/fast"
/usr/bin/make -f CMakeFiles/cmTC_98be9.dir/build.make CMakeFiles/cmTC_98be9.dir/build
make[1]: Entering directory '/home/wantong/srsLTE/build/CMakeFiles/CMakeTmp'
Building C object CMakeFiles/cmTC_98be9.dir/src.c.o
/usr/bin/cc    -DHAVE_AVX512 -mavx512f   -o CMakeFiles/cmTC_98be9.dir/src.c.o   -c /home/wantong/srsLTE/build/CMakeFiles/CMakeTmp/src.c
Linking C executable cmTC_98be9
/usr/bin/cmake -E cmake_link_script CMakeFiles/cmTC_98be9.dir/link.txt --verbose=1
/usr/bin/cc   -DHAVE_AVX512 -mavx512f    CMakeFiles/cmTC_98be9.dir/src.c.o  -o cmTC_98be9 -rdynamic 
make[1]: Leaving directory '/home/wantong/srsLTE/build/CMakeFiles/CMakeTmp'

Return value: FAILED_TO_RUN
Source file was:

          #include <immintrin.h>
          int main()
          {
            __m512i a, b, c;
            const int src[16] = { 0x0, 0x1, 0x2, 0x3, 0x4, 0x5, 0x6, 0x7, 0x8 , 0x9, 0xA, 0xB, 0xC, 0xD, 0xE, 0xF};
            int dst[16];
            a =  _mm512_loadu_si512( (__m512i*)src );
            b =  _mm512_loadu_si512( (__m512i*)src );
            c = _mm512_add_epi32( a, b );
            _mm512_storeu_si512( (__m512i*)dst, c );
            int i = 0;
            for( i = 0; i < 16; i++ ){
              if( ( src[i] + src[i] ) != dst[i] ){
                return -1;
              }
            }
            return 0;
          }
Performing C++ SOURCE FILE Test HAVE_VISIBILITY_HIDDEN failed with the following output:
Change Dir: /home/wantong/srsLTE/build/CMakeFiles/CMakeTmp

Run Build Command:"/usr/bin/make" "cmTC_b8563/fast"
/usr/bin/make -f CMakeFiles/cmTC_b8563.dir/build.make CMakeFiles/cmTC_b8563.dir/build
make[1]: Entering directory '/home/wantong/srsLTE/build/CMakeFiles/CMakeTmp'
Building CXX object CMakeFiles/cmTC_b8563.dir/src.cxx.o
/usr/bin/c++     -march=native -Wall -Wno-comment -Wno-reorder -Wno-unused-but-set-variable -Wno-unused-variable -std=c++03 -O3 -mfpmath=sse -mavx2 -DLV_HAVE_AVX2 -DLV_HAVE_AVX -DLV_HAVE_SSE -DHAVE_VISIBILITY_HIDDEN  -march=native -Wall -Wno-comment -Wno-write-strings -Wno-format-extra-args -Winline -Wno-unused-result -Wno-format -std=c99 -D_GNU_SOURCE -O3 -mfpmath=sse -mavx2 -DLV_HAVE_AVX2 -DLV_HAVE_AVX -DLV_HAVE_SSE -Ofast -funroll-loops   -fvisibility=hidden -o CMakeFiles/cmTC_b8563.dir/src.cxx.o -c /home/wantong/srsLTE/build/CMakeFiles/CMakeTmp/src.cxx
cc1plus: warning: command line option '-std=c99' is valid for C/ObjC but not for C++
Linking CXX executable cmTC_b8563
/usr/bin/cmake -E cmake_link_script CMakeFiles/cmTC_b8563.dir/link.txt --verbose=1
/usr/bin/c++    -march=native -Wall -Wno-comment -Wno-reorder -Wno-unused-but-set-variable -Wno-unused-variable -std=c++03 -O3 -mfpmath=sse -mavx2 -DLV_HAVE_AVX2 -DLV_HAVE_AVX -DLV_HAVE_SSE -DHAVE_VISIBILITY_HIDDEN  -march=native -Wall -Wno-comment -Wno-write-strings -Wno-format-extra-args -Winline -Wno-unused-result -Wno-format -std=c99 -D_GNU_SOURCE -O3 -mfpmath=sse -mavx2 -DLV_HAVE_AVX2 -DLV_HAVE_AVX -DLV_HAVE_SSE -Ofast -funroll-loops    CMakeFiles/cmTC_b8563.dir/src.cxx.o  -o cmTC_b8563 -rdynamic 
make[1]: Leaving directory '/home/wantong/srsLTE/build/CMakeFiles/CMakeTmp'

Source file was:
int main() { return 0; }
